Build started 2019/1/28 16:46:41.
     1>Project "C:\Users\USER\Desktop\sdk\now_sdk2_16split2\Video_Codec_SDK_8.2.16\Samples\AppDecode\AppDec\AppDec.vcxproj" on node 2 (Rebuild target(s)).
     1>PreBuildEvent:
         del C:\Users\USER\Desktop\sdk\now_sdk2_16split2\Video_Codec_SDK_8.2.16\Samples\x64.Debug\*.dll
         :VCEnd
       ClCompile:
         D:\vs2013\VC\bin\x86_amd64\CL.exe /c /I..\..\External\FFmpeg\include /I..\..\NvCodec /I"C:\Program Files\NVIDIA GPU Computing Toolkit\CUDA\v8.0\include" /Zi /nologo /W3 /WX- /Od /D WIN32 /D _DEBUG /D _CONSOLE /D _LIB /D _CRT_SECURE_NO_WARNINGS /D _UNICODE /D UNICODE /Gm /EHsc /RTC1 /MDd /GS /fp:precise /Zc:wchar_t /Zc:forScope /Fo"C:\Users\USER\Desktop\sdk\now_sdk2_16split2\Video_Codec_SDK_8.2.16\Samples\x64.Debug\AppDec\\" /Fd"C:\Users\USER\Desktop\sdk\now_sdk2_16split2\Video_Codec_SDK_8.2.16\Samples\x64.Debug\AppDec\vc120.pdb" /Gd /TP /errorReport:prompt ..\..\NvCodec\NvDecoder\NvDecoder.cpp AppDec.cpp
         AppDec.cpp
     1>c:\users\user\desktop\sdk\now_sdk2_16split2\video_codec_sdk_8.2.16\samples\external\ffmpeg\include\libavutil\rational.h : warning C4819: The file contains a character that cannot be represented in the current code page (936). Save the file in Unicode format to prevent data loss
     1>E:\opencv3\opencv\build\include\opencv2/core/mat.hpp(1965): warning C4819: The file contains a character that cannot be represented in the current code page (936). Save the file in Unicode format to prevent data loss
     1>E:\opencv3\opencv\build\include\opencv2/core/persistence.hpp : warning C4819: The file contains a character that cannot be represented in the current code page (936). Save the file in Unicode format to prevent data loss
     1>E:\opencv3\opencv\build\include\opencv2/core/utility.hpp : warning C4819: The file contains a character that cannot be represented in the current code page (936). Save the file in Unicode format to prevent data loss
         NvDecoder.cpp
         Generating Code...
       Link:
         D:\vs2013\VC\bin\x86_amd64\link.exe /ERRORREPORT:PROMPT /OUT:"C:\Users\USER\Desktop\sdk\now_sdk2_16split2\Video_Codec_SDK_8.2.16\Samples\x64.Debug\AppDec.exe" /INCREMENTAL /NOLOGO /LIBPATH:..\..\External\FFmpeg\lib\x64 /LIBPATH:..\..\NvCodec\Lib\x64 /LIBPATH:"C:\Program Files\NVIDIA GPU Computing Toolkit\CUDA\v8.0\lib\x64" nvcuvid.lib cuda.lib kernel32.lib user32.lib gdi32.lib winspool.lib comdlg32.lib advapi32.lib shell32.lib ole32.lib oleaut32.lib uuid.lib odbc32.lib odbccp32.lib avformat.lib avutil.lib avcodec.lib opencv_ts300d.lib opencv_world300d.lib cuda.lib kernel32.lib user32.lib gdi32.lib winspool.lib comdlg32.lib advapi32.lib shell32.lib ole32.lib oleaut32.lib uuid.lib odbc32.lib odbccp32.lib /MANIFEST /MANIFESTUAC:"level='asInvoker' uiAccess='false'" /manifest:embed /DEBUG /PDB:"C:\Users\USER\Desktop\sdk\now_sdk2_16split2\Video_Codec_SDK_8.2.16\Samples\x64.Debug\AppDec.pdb" /SUBSYSTEM:CONSOLE /TLBID:1 /DYNAMICBASE /NXCOMPAT /IMPLIB:"C:\Users\USER\Desktop\sdk\now_sdk2_16split2\Video_Codec_SDK_8.2.16\Samples\x64.Debug\AppDec.lib" /MACHINE:X64 C:\Users\USER\Desktop\sdk\now_sdk2_16split2\Video_Codec_SDK_8.2.16\Samples\x64.Debug\AppDec\NvDecoder.obj
         C:\Users\USER\Desktop\sdk\now_sdk2_16split2\Video_Codec_SDK_8.2.16\Samples\x64.Debug\AppDec\AppDec.obj
         AppDec.vcxproj -> C:\Users\USER\Desktop\sdk\now_sdk2_16split2\Video_Codec_SDK_8.2.16\Samples\x64.Debug\AppDec.exe
       PostBuildEvent:
         echo n | copy /-y C:\Users\USER\Desktop\sdk\now_sdk2_16split2\Video_Codec_SDK_8.2.16\Samples\External\FFmpeg\lib\x64\*.dll C:\Users\USER\Desktop\sdk\now_sdk2_16split2\Video_Codec_SDK_8.2.16\Samples\x64.Debug\ >nul
         :VCEnd
     1>Done Building Project "C:\Users\USER\Desktop\sdk\now_sdk2_16split2\Video_Codec_SDK_8.2.16\Samples\AppDecode\AppDec\AppDec.vcxproj" (Rebuild target(s)).

Build succeeded.

Time Elapsed 00:00:05.75
